<?xml version="1.0" encoding="UTF-8"?>
<coverage generated="1725817740765" clover="3.2.0">
  <project timestamp="1725817740765" name="All files">
    <metrics statements="30" coveredstatements="28" conditionals="14" coveredconditionals="13" methods="2" coveredmethods="2" elements="46" coveredelements="43" complexity="0" loc="30" ncloc="30" packages="1" files="1" classes="1"/>
    <file name="validateCpf.ts" path="C:\dev\cleanarq_\src\validateCpf.ts">
      <metrics statements="30" coveredstatements="28" conditionals="14" coveredconditionals="13" methods="2" coveredmethods="2"/>
      <line num="2" count="1" type="stmt"/>
      <line num="3" count="6" type="cond" truecount="2" falsecount="0"/>
      <line num="4" count="5" type="cond" truecount="2" falsecount="0"/>
      <line num="5" count="4" type="cond" truecount="4" falsecount="0"/>
      <line num="7" count="3" type="stmt"/>
      <line num="13" count="3" type="cond" truecount="2" falsecount="0"/>
      <line num="16" count="15" type="stmt"/>
      <line num="18" count="2" type="stmt"/>
      <line num="23" count="2" type="stmt"/>
      <line num="24" count="2" type="stmt"/>
      <line num="26" count="2" type="stmt"/>
      <line num="27" count="2" type="stmt"/>
      <line num="35" count="18" type="stmt"/>
      <line num="38" count="18" type="stmt"/>
      <line num="40" count="18" type="stmt"/>
      <line num="44" count="2" type="stmt"/>
      <line num="47" count="2" type="stmt"/>
      <line num="49" count="2" type="stmt"/>
      <line num="50" count="2" type="stmt"/>
      <line num="51" count="2" type="cond" truecount="2" falsecount="0"/>
      <line num="52" count="1" type="stmt"/>
      <line num="54" count="2" type="stmt"/>
      <line num="58" count="2" type="stmt"/>
      <line num="60" count="2" type="stmt"/>
      <line num="64" count="0" type="stmt"/>
      <line num="66" count="0" type="stmt"/>
      <line num="68" count="1" type="stmt"/>
      <line num="69" count="1" type="stmt"/>
      <line num="70" count="1" type="stmt"/>
      <line num="71" count="1" type="stmt"/>
    </file>
  </project>
</coverage>
