{"C:\\dev\\cleanarq_\\src\\validateCpf.ts": {"path":"C:\\dev\\cleanarq_\\src\\validateCpf.ts","statementMap":{"0":{"start":{"line":2,"column":0},"end":{"line":2,"column":16}},"1":{"start":{"line":3,"column":2},"end":{"line":71,"column":22}},"2":{"start":{"line":4,"column":4},"end":{"line":70,"column":24}},"3":{"start":{"line":5,"column":6},"end":{"line":69,"column":26}},"4":{"start":{"line":7,"column":8},"end":{"line":11,"column":28}},"5":{"start":{"line":13,"column":8},"end":{"line":68,"column":28}},"6":{"start":{"line":16,"column":26},"end":{"line":16,"column":38}},"7":{"start":{"line":18,"column":10},"end":{"line":67,"column":11}},"8":{"start":{"line":23,"column":12},"end":{"line":23,"column":24}},"9":{"start":{"line":24,"column":12},"end":{"line":24,"column":33}},"10":{"start":{"line":26,"column":12},"end":{"line":42,"column":13}},"11":{"start":{"line":27,"column":27},"end":{"line":27,"column":28}},"12":{"start":{"line":35,"column":14},"end":{"line":37,"column":16}},"13":{"start":{"line":38,"column":14},"end":{"line":38,"column":47}},"14":{"start":{"line":40,"column":14},"end":{"line":40,"column":47}},"15":{"start":{"line":44,"column":12},"end":{"line":44,"column":27}},"16":{"start":{"line":47,"column":12},"end":{"line":48,"column":47}},"17":{"start":{"line":49,"column":12},"end":{"line":49,"column":26}},"18":{"start":{"line":50,"column":12},"end":{"line":50,"column":27}},"19":{"start":{"line":51,"column":12},"end":{"line":52,"column":33}},"20":{"start":{"line":51,"column":26},"end":{"line":51,"column":34}},"21":{"start":{"line":52,"column":17},"end":{"line":52,"column":33}},"22":{"start":{"line":54,"column":30},"end":{"line":56,"column":null}},"23":{"start":{"line":58,"column":12},"end":{"line":58,"column":45}},"24":{"start":{"line":60,"column":12},"end":{"line":60,"column":45}},"25":{"start":{"line":64,"column":12},"end":{"line":64,"column":40}},"26":{"start":{"line":66,"column":12},"end":{"line":66,"column":25}},"27":{"start":{"line":68,"column":15},"end":{"line":68,"column":28}},"28":{"start":{"line":69,"column":13},"end":{"line":69,"column":26}},"29":{"start":{"line":70,"column":11},"end":{"line":70,"column":24}},"30":{"start":{"line":71,"column":9},"end":{"line":71,"column":22}}},"fnMap":{"0":{"name":"validateCpf","decl":{"start":{"line":2,"column":16},"end":{"line":2,"column":27}},"loc":{"start":{"line":2,"column":36},"end":{"line":72,"column":1}}},"1":{"name":"(anonymous_1)","decl":{"start":{"line":16,"column":19},"end":{"line":16,"column":20}},"loc":{"start":{"line":16,"column":26},"end":{"line":16,"column":38}}}},"branchMap":{"0":{"loc":{"start":{"line":3,"column":2},"end":{"line":71,"column":22}},"type":"if","locations":[{"start":{"line":3,"column":2},"end":{"line":71,"column":22}},{"start":{"line":71,"column":9},"end":{"line":71,"column":22}}]},"1":{"loc":{"start":{"line":4,"column":4},"end":{"line":70,"column":24}},"type":"if","locations":[{"start":{"line":4,"column":4},"end":{"line":70,"column":24}},{"start":{"line":70,"column":11},"end":{"line":70,"column":24}}]},"2":{"loc":{"start":{"line":5,"column":6},"end":{"line":69,"column":26}},"type":"if","locations":[{"start":{"line":5,"column":6},"end":{"line":69,"column":26}},{"start":{"line":69,"column":13},"end":{"line":69,"column":26}}]},"3":{"loc":{"start":{"line":5,"column":10},"end":{"line":5,"column":46}},"type":"binary-expr","locations":[{"start":{"line":5,"column":10},"end":{"line":5,"column":26}},{"start":{"line":5,"column":30},"end":{"line":5,"column":46}}]},"4":{"loc":{"start":{"line":13,"column":8},"end":{"line":68,"column":28}},"type":"if","locations":[{"start":{"line":13,"column":8},"end":{"line":68,"column":28}},{"start":{"line":68,"column":15},"end":{"line":68,"column":28}}]},"5":{"loc":{"start":{"line":48,"column":14},"end":{"line":48,"column":46}},"type":"cond-expr","locations":[{"start":{"line":48,"column":26},"end":{"line":48,"column":33}},{"start":{"line":48,"column":37},"end":{"line":48,"column":46}}]},"6":{"loc":{"start":{"line":51,"column":12},"end":{"line":52,"column":33}},"type":"if","locations":[{"start":{"line":51,"column":12},"end":{"line":52,"column":33}},{"start":{"line":52,"column":17},"end":{"line":52,"column":33}}]}},"s":{"0":1,"1":6,"2":5,"3":4,"4":3,"5":3,"6":15,"7":2,"8":2,"9":2,"10":2,"11":2,"12":18,"13":18,"14":18,"15":2,"16":2,"17":2,"18":2,"19":2,"20":1,"21":1,"22":2,"23":2,"24":2,"25":0,"26":0,"27":1,"28":1,"29":1,"30":1},"f":{"0":6,"1":15},"b":{"0":[5,1],"1":[4,1],"2":[3,1],"3":[4,3],"4":[2,1],"5":[0,2],"6":[1,1]}}
}
