TN:
SF:src\validateCpf.ts
FN:2,validateCpf
FN:16,(anonymous_1)
FNF:2
FNH:2
FNDA:6,validateCpf
FNDA:15,(anonymous_1)
DA:2,1
DA:3,6
DA:4,5
DA:5,4
DA:7,3
DA:13,3
DA:16,15
DA:18,2
DA:23,2
DA:24,2
DA:26,2
DA:27,2
DA:35,18
DA:38,18
DA:40,18
DA:44,2
DA:47,2
DA:49,2
DA:50,2
DA:51,2
DA:52,1
DA:54,2
DA:58,2
DA:60,2
DA:64,0
DA:66,0
DA:68,1
DA:69,1
DA:70,1
DA:71,1
LF:30
LH:28
BRDA:3,0,0,5
BRDA:3,0,1,1
BRDA:4,1,0,4
BRDA:4,1,1,1
BRDA:5,2,0,3
BRDA:5,2,1,1
BRDA:5,3,0,4
BRDA:5,3,1,3
BRDA:13,4,0,2
BRDA:13,4,1,1
BRDA:48,5,0,0
BRDA:48,5,1,2
BRDA:51,6,0,1
BRDA:51,6,1,1
BRF:14
BRH:13
end_of_record
